0 verbose cli C:\Program Files\nodejs\node.exe C:\Program Files\nodejs\node_modules\npm\bin\npm-cli.js
1 info using npm@8.15.0
2 info using node@v16.17.1
3 timing npm:load:whichnode Completed in 1ms
4 timing config:load:defaults Completed in 4ms
5 timing config:load:file:C:\Program Files\nodejs\node_modules\npm\npmrc Completed in 4ms
6 timing config:load:builtin Completed in 5ms
7 timing config:load:cli Completed in 5ms
8 timing config:load:env Completed in 2ms
9 timing config:load:file:c:\Users\Tum Tum\Desktop\FEnhom3\Team3_Frontend-2\front-end\.npmrc Completed in 1ms
10 timing config:load:project Completed in 9ms
11 timing config:load:file:C:\Users\Tum Tum\.npmrc Completed in 0ms
12 timing config:load:user Completed in 2ms
13 timing config:load:file:C:\Users\Tum Tum\AppData\Roaming\npm\etc\npmrc Completed in 1ms
14 timing config:load:global Completed in 2ms
15 timing config:load:validate Completed in 1ms
16 timing config:load:credentials Completed in 1ms
17 timing config:load:setEnvs Completed in 3ms
18 timing config:load Completed in 36ms
19 timing npm:load:configload Completed in 36ms
20 timing npm:load:mkdirpcache Completed in 2ms
21 timing npm:load:mkdirplogs Completed in 2ms
22 verbose title npm view react-router-dom description dist-tags.latest homepage version
23 verbose argv "view" "--json" "react-router-dom" "description" "dist-tags.latest" "homepage" "version"
24 timing npm:load:setTitle Completed in 5ms
25 timing config:load:flatten Completed in 7ms
26 timing npm:load:display Completed in 10ms
27 verbose logfile logs-max:10 dir:C:\Users\Tum Tum\Desktop\FEnhom3\Team3_Frontend-2\front-end\tmpnodejsnpm-cache\_logs
28 verbose logfile C:\Users\Tum Tum\Desktop\FEnhom3\Team3_Frontend-2\front-end\tmpnodejsnpm-cache\_logs\2022-11-25T16_25_33_543Z-debug-0.log
29 timing npm:load:logFile Completed in 18ms
30 timing npm:load:timers Completed in 1ms
31 timing npm:load:configScope Completed in 0ms
32 timing npm:load Completed in 77ms
33 silly logfile start cleaning logs, removing 2 files
34 silly logfile error removing log file C:/Users/Tum Tum/Desktop/FEnhom3/Team3_Frontend-2/front-end/tmpnodejsnpm-cache/_logs/2022-11-25T15_53_35_609Z-debug-0.log [Error: EPERM: operation not permitted, unlink 'C:\Users\Tum Tum\Desktop\FEnhom3\Team3_Frontend-2\front-end\tmpnodejsnpm-cache\_logs\2022-11-25T15_53_35_609Z-debug-0.log'] {
34 silly logfile   errno: -4048,
34 silly logfile   code: 'EPERM',
34 silly logfile   syscall: 'unlink',
34 silly logfile   path: 'C:\\Users\\Tum Tum\\Desktop\\FEnhom3\\Team3_Frontend-2\\front-end\\tmpnodejsnpm-cache\\_logs\\2022-11-25T15_53_35_609Z-debug-0.log'
34 silly logfile }
35 silly logfile done cleaning log files
36 http fetch GET 200 https://registry.npmjs.org/react-router-dom 994ms (cache revalidated)
37 timing command:view Completed in 1022ms
38 verbose exit 0
39 timing npm Completed in 1135ms
40 info ok
